Arguments: 
  C:\Users\josem\AppData\Roaming\npm\node_modules\node\bin\node.exe C:\Users\josem\AppData\Roaming\npm\node_modules\yarn\bin\yarn.js --registry https://registry.npmjs.org

PATH: 
  C:\Program Files\Common Files\Oracle\Java\javapath;C:\Program Files\Oculus\Support\oculus-runtime;C:\Windows\system32;C:\Windows;C:\Windows\System32\Wbem;C:\Windows\System32\WindowsPowerShell\v1.0\;C:\Windows\System32\OpenSSH\;C:\Program Files\NVIDIA Corporation\NVIDIA NvDLISR;C:\Program Files (x86)\NVIDIA Corporation\PhysX\Common;C:\Program Files\Git\cmd;C:\WINDOWS\system32;C:\WINDOWS;C:\WINDOWS\System32\Wbem;C:\WINDOWS\System32\WindowsPowerShell\v1.0\;C:\WINDOWS\System32\OpenSSH\;C:\Program Files\nodejs\;C:\Program Files\dotnet\;C:\Users\josem\AppData\Local\Microsoft\WindowsApps;C:\Users\josem\AppData\Local\Programs\Microsoft VS Code\bin;C:\Users\josem\AppData\Roaming\npm;C:\Users\josem\AppData\Local\Android\Sdk\platform-tools;C:\Users\josem\AppData\Local\GitHubDesktop\bin;C:\Program Files\mingw-w64\x86_64-8.1.0-posix-seh-rt_v6-rev0\mingw64\bin

Yarn version: 
  1.22.10

Node version: 
  16.0.0

Platform: 
  win32 x64

Trace: 
  Error: 30908:error:1408F119:SSL routines:ssl3_get_record:decryption failed or bad record mac:c:\ws\deps\openssl\openssl\ssl\record\ssl3_record.c:677:

npm manifest: 
  {
    "scripts": {
      "start": "react-native start",
      "android": "react-native run-android",
      "ios": "react-native run-ios",
      "web": "expo start --web",
      "eject": "expo eject",
      "lint": "eslint .",
      "test": "jest",
      "build:android": "react-native bundle --platform android --dev false --entry-file index.js --bundle-output android/app/src/main/assets/index.android.bundle --assets-dest android/app/src/main/res"
    },
    "dependencies": {
      "@react-navigation/bottom-tabs": "^6.5.7",
      "@react-navigation/native": "^6.0.6",
      "@react-navigation/stack": "^6.0.11",
      "expo": "48.0.9",
      "expo-app-loading": "~2.1.1",
      "expo-font": "~11.1.1",
      "expo-splash-screen": "~0.18.2",
      "expo-status-bar": "~1.4.4",
      "react-dom": "17.0.1",
      "react": "18.2.0",
      "react-native": "0.71.11",
      "react-native-actions-sheet": "^0.8.7",
      "react-native-bouncy-checkbox": "^3.0.7",
      "react-native-collapsible": "^1.6.1",
      "react-native-fast-image": "^8.6.3",
      "react-native-gesture-handler": "~2.12.0",
      "react-native-htmlview": "^0.16.0",
      "react-native-reanimated": "^2.14.4",
      "react-native-render-html": "^6.3.3",
      "react-native-safe-area-context": "3.3.2",
      "react-native-screens": "~3.20.0",
      "react-native-web": "0.18.10",
      "react-redux": "^7.2.6",
      "redux": "^4.1.2",
      "redux-saga": "^1.1.3"
    },
    "devDependencies": {
      "@babel/core": "^7.20.0",
      "@babel/preset-env": "^7.20.0",
      "@babel/runtime": "^7.20.0",
      "@react-native-community/eslint-config": "^3.2.0",
      "@tsconfig/react-native": "^2.0.2",
      "@types/jest": "^29.2.1",
      "@types/react": "^18.0.24",
      "@types/react-test-renderer": "^18.0.0",
      "babel-jest": "^29.2.1",
      "eslint": "^8.19.0",
      "jest": "^29.2.1",
      "metro-react-native-babel-preset": "0.73.8",
      "prettier": "^2.4.1",
      "react-test-renderer": "18.2.0",
      "typescript": "^4.9.4"
    },
    "jest": {
      "preset": "react-native"
    },
    "private": true,
    "name": "mc_cards",
    "version": "1.0.0"
  }

yarn manifest: 
  No manifest

Lockfile: 
  No lockfile
